# do {TB_TOP_compile.do}
# ** Warning: (vlib-34) Library already exists at "modelsim_lib/work".
# Errors: 0, Warnings: 1
# ** Warning: (vlib-34) Library already exists at "modelsim_lib/msim".
# Errors: 0, Warnings: 1
# ** Warning: (vlib-34) Library already exists at "modelsim_lib/msim/xil_defaultlib".
# Errors: 0, Warnings: 1
# Model Technology ModelSim SE-64 vmap 2020.4 Lib Mapping Utility 2020.10 Oct 13 2020
# vmap xil_defaultlib modelsim_lib/msim/xil_defaultlib 
# Modifying modelsim.ini
# Model Technology ModelSim SE-64 vcom 2020.4 Compiler 2020.10 Oct 13 2020
# Start time: 14:26:19 on Nov 17,2022
# vcom -93 -work xil_defaultlib ../../../../ASKModulate.gen/sources_1/ip/xfft_analyze/sim/xfft_analyze.vhd ../../../../ASKModulate.gen/sources_1/ip/mult_gen_0/sim/mult_gen_0.vhd 
# -- Loading package STANDARD
# -- Loading package TEXTIO
# -- Loading package std_logic_1164
# -- Loading package NUMERIC_STD
# -- Compiling entity xfft_analyze
# -- Compiling architecture xfft_analyze_arch of xfft_analyze
# -- Compiling entity mult_gen_0
# -- Compiling architecture mult_gen_0_arch of mult_gen_0
# End time: 14:26:19 on Nov 17,2022, Elapsed time: 0:00:00
# Errors: 0, Warnings: 0
# Model Technology ModelSim SE-64 vlog 2020.4 Compiler 2020.10 Oct 13 2020
# Start time: 14:26:19 on Nov 17,2022
# vlog -incr -mfcu -work xil_defaultlib ../../../../ASKModulate.srcs/sources_1/new/1Bto2B.v ../../../../ASKModulate.srcs/sources_1/new/ASKMOD.v ../../../../ASKModulate.srcs/sources_1/new/DDS.v ../../../../ASKModulate.srcs/sources_1/new/Freq_Divider.v ../../../../ASKModulate.srcs/sources_1/new/RCosFIR.v ../../../../ASKModulate.srcs/sources_1/new/Scramber.v ../../../../ASKModulate.srcs/sources_1/new/TOP.v ../../../../ASKModulate.srcs/sources_1/new/myFFT.v ../../../../ASKModulate.srcs/sim_1/new/TB_TOP.v 
# -- Skipping module OneBittoTwoBit
# -- Skipping module ASKMOD
# -- Skipping module DDS
# -- Skipping module Freq_Divider
# -- Skipping module Xilinx_FIR_Guide_liuqi
# -- Skipping module Scrambler
# -- Compiling module TOP
# -- Skipping module myFFT
# -- Skipping module TB_TOP
# 
# Top level modules:
# 	TB_TOP
# End time: 14:26:19 on Nov 17,2022, Elapsed time: 0:00:00
# Errors: 0, Warnings: 0
# Model Technology ModelSim SE-64 vlog 2020.4 Compiler 2020.10 Oct 13 2020
# Start time: 14:26:19 on Nov 17,2022
# vlog -work xil_defaultlib glbl.v 
# -- Compiling module glbl
# 
# Top level modules:
# 	glbl
# End time: 14:26:19 on Nov 17,2022, Elapsed time: 0:00:00
# Errors: 0, Warnings: 0
