# //  ModelSim SE-64 2020.4 Oct 13 2020
# //
# //  Copyright 1991-2020 Mentor Graphics Corporation
# //  All Rights Reserved.
# //
# //  ModelSim SE-64 and its associated documentation contain trade
# //  secrets and commercial or financial information that are the property of
# //  Mentor Graphics Corporation and are privileged, confidential,
# //  and exempt from disclosure under the Freedom of Information Act,
# //  5 U.S.C. Section 552. Furthermore, this information
# //  is prohibited from disclosure under the Trade Secrets Act,
# //  18 U.S.C. Section 1905.
# //
# do {TB_TOP_simulate.do}
# vsim -voptargs=""+acc"" -L xil_defaultlib -L xbip_utils_v3_0_10 -L axi_utils_v2_0_6 -L c_reg_fd_v12_0_6 -L xbip_dsp48_wrapper_v3_0_4 -L xbip_pipe_v3_0_6 -L xbip_dsp48_addsub_v3_0_6 -L xbip_addsub_v3_0_6 -L c_addsub_v12_0_14 -L c_mux_bit_v12_0_6 -L c_shift_ram_v12_0_14 -L xbip_bram18k_v3_0_6 -L mult_gen_v12_0_18 -L cmpy_v6_0_21 -L floating_point_v7_0_20 -L xfft_v9_1_8 -L unisims_ver -L unimacro_ver -L secureip -L xpm -lib xil_defaultlib xil_defaultlib.TB_TOP xil_defaultlib.glbl 
# Start time: 14:26:24 on Nov 17,2022
# ** Note: (vsim-3813) Design is being optimized due to module recompilation...
# Loading work.TB_TOP(fast)
# Loading work.TOP(fast)
# Loading work.Freq_Divider(fast)
# Loading work.Freq_Divider(fast__1)
# Loading work.Scrambler(fast)
# Loading work.OneBittoTwoBit(fast)
# Loading work.Xilinx_FIR_Guide_liuqi(fast)
# Loading work.DDS(fast)
# Loading work.ASKMOD(fast)
# Loading work.myFFT(fast)
# Loading work.glbl(fast)
# Loading std.standard
# Loading std.textio(body)
# Loading ieee.std_logic_1164(body)
# Loading ieee.numeric_std(body)
# Loading work.mult_gen_0(mult_gen_0_arch)#1
# Loading ieee.std_logic_arith(body)
# Loading ieee.std_logic_signed(body)
# Loading ieee.std_logic_unsigned(body)
# Loading ieee.vital_timing(body)
# Loading ieee.vital_primitives(body)
# Loading unisim.vpkg(body)
# Loading unisim.mult_and(mult_and_v)#1
# Loading unisim.lut2(lut2_v)#1
# Loading unisim.muxcy(muxcy_v)#1
# Loading unisim.xorcy(xorcy_v)#1
# Loading work.xfft_analyze(xfft_analyze_arch)#1
# Loading ieee.math_real(body)
# Loading unisim.fdre(fdre_v)#1
# Loading unisim.fdse(fdse_v)#1
# Loading unisim.lut6(lut6_v)#1
# Loading unisim.lut3(lut3_v)#1
# Loading unisim.srl16e(srl16e_v)#1
# Loading unisim.fdr(fdr_v)#1
# Loading unisim.fd(fd_v)#1
# Loading unisim.lut3(lut3_v)#2
# Loading xpm.vcomponents
# Loading unisim.ramb18e1(ramb18e1_v)#2
# Loading ieee.std_logic_textio(body)
# Loading unisim.rb18_internal_vhdl(rb18_internal_vhdl_v)#2
# Loading unisim.fde(fde_v)#1
# Loading unisim.lut6(lut6_v)#2
# Loading unisim.vcc(vcc_v)#1
# Loading unisim.dsp48e1(dsp48e1_v)#1
# Loading unisim.dsp48e1(dsp48e1_v)#2
# Loading unisim.dsp48e1(dsp48e1_v)#3
# Loading unisim.dsp48e1(dsp48e1_v)#4
# Loading unisim.ramb18(ramb18_v)#1
# Loading unisim.ramb18e1(ramb18e1_v)#1
# Loading unisim.rb18_internal_vhdl(rb18_internal_vhdl_v)#1
# Loading unisim.muxf7(muxf7_v)#1
# Loading unisim.muxf8(muxf8_v)#1
# ** Warning: (vsim-3015) [PCDPC] - Port size (15) does not match connection size (32) for port 'fcw'. The port definition is at: ../../../../ASKModulate.srcs/sources_1/new/DDS.v(30).
#    Time: 0 ps  Iteration: 0  Instance: /TB_TOP/U1/COS File: ../../../../ASKModulate.srcs/sources_1/new/TOP.v Line: 80
# ** Warning: (vsim-3015) [PCDPC] - Port size (3) does not match connection size (22) for port 'din'. The port definition is at: ../../../../ASKModulate.srcs/sources_1/new/ASKMOD.v(29).
#    Time: 0 ps  Iteration: 0  Instance: /TB_TOP/U1/FourASK File: ../../../../ASKModulate.srcs/sources_1/new/TOP.v Line: 93
# ** Warning: (vsim-8683) Uninitialized out port /TB_TOP/U1/fftAfterFir/your_instance_name/U0/<protected>/<protected>/<protected>(23 downto 0) has no driver.
# This port will contribute value (24'hXXXXXX) to the signal network.
# ** Warning: (vsim-8683) Uninitialized out port /TB_TOP/U1/fftAfterFir/your_instance_name/U0/<protected>/<protected>/<protected>(23 downto 0) has no driver.
# This port will contribute value (24'hXXXXXX) to the signal network.
# ** Warning: (vsim-8683) Uninitialized out port /TB_TOP/U1/fftAfterFir/your_instance_name/U0/<protected>/<protected>/<protected>(23 downto 0) has no driver.
# This port will contribute value (24'hXXXXXX) to the signal network.
# ** Warning: (vsim-8683) Uninitialized out port /TB_TOP/U1/fftAfterFir/your_instance_name/U0/<protected>/<protected>/<protected>(23 downto 0) has no driver.
# This port will contribute value (24'hXXXXXX) to the signal network.
# ** Warning: (vsim-8683) Uninitialized out port /TB_TOP/U1/fftAfterFir/your_instance_name/U0/<protected>/<protected>/<protected>(23 downto 0) has no driver.
# This port will contribute value (24'hXXXXXX) to the signal network.
# ** Warning: (vsim-8683) Uninitialized out port /TB_TOP/U1/fftAfterFir/your_instance_name/U0/<protected>/<protected>/<protected>(23 downto 0) has no driver.
# This port will contribute value (24'hXXXXXX) to the signal network.
# ** Warning: (vsim-8683) Uninitialized out port /TB_TOP/U1/fftAfterFir/your_instance_name/U0/<protected>/<protected>/<protected>(23 downto 0) has no driver.
# This port will contribute value (24'hXXXXXX) to the signal network.
# ** Warning: (vsim-8683) Uninitialized out port /TB_TOP/U1/fftAfterFir/your_instance_name/U0/<protected>/<protected>/<protected>(23 downto 0) has no driver.
# This port will contribute value (24'hXXXXXX) to the signal network.
# ** Warning: (vsim-8683) Uninitialized out port /TB_TOP/U1/fftAfterFir/your_instance_name/U0/<protected>/<protected>/<protected>(23 downto 0) has no driver.
# This port will contribute value (24'hXXXXXX) to the signal network.
# ** Warning: (vsim-8683) Uninitialized out port /TB_TOP/U1/fftAfterFir/your_instance_name/U0/<protected>/<protected>/<protected>(23 downto 0) has no driver.
# This port will contribute value (24'hXXXXXX) to the signal network.
# ** Warning: (vsim-8683) Uninitialized out port /TB_TOP/U1/fftAfterFir/your_instance_name/U0/<protected>/<protected>/<protected>(23 downto 0) has no driver.
# This port will contribute value (24'hXXXXXX) to the signal network.
# ** Warning: (vsim-8683) Uninitialized out port /TB_TOP/U1/fftAfterFir/your_instance_name/U0/<protected>/<protected>/<protected>(23 downto 0) has no driver.
# This port will contribute value (24'hXXXXXX) to the signal network.
# ** Warning: (vsim-8683) Uninitialized out port /TB_TOP/U1/fftAfterFir/your_instance_name/U0/<protected>/<protected>/<protected>(23 downto 0) has no driver.
# This port will contribute value (24'hXXXXXX) to the signal network.
# ** Warning: (vsim-8683) Uninitialized out port /TB_TOP/U1/fftAfterFir/your_instance_name/U0/<protected>/<protected>/<protected>(23 downto 0) has no driver.
# This port will contribute value (24'hXXXXXX) to the signal network.
# ** Warning: (vsim-8683) Uninitialized out port /TB_TOP/U1/fftAfterFir/your_instance_name/U0/<protected>/<protected>/<protected>(23 downto 0) has no driver.
# This port will contribute value (24'hXXXXXX) to the signal network.
# ** Warning: (vsim-8683) Uninitialized out port /TB_TOP/U1/fftAfterFir/your_instance_name/U0/<protected>/<protected>/<protected>(23 downto 0) has no driver.
# This port will contribute value (24'hXXXXXX) to the signal network.
# ** Warning: (vsim-8683) Uninitialized out port /TB_TOP/U1/fftAfterFir/your_instance_name/U0/<protected>/<protected>/<protected>(23 downto 0) has no driver.
# This port will contribute value (24'hXXXXXX) to the signal network.
# ** Warning: (vsim-8683) Uninitialized out port /TB_TOP/U1/fftAfterFir/your_instance_name/U0/<protected>/<protected>/<protected>(23 downto 0) has no driver.
# This port will contribute value (24'hXXXXXX) to the signal network.
# ** Warning: (vsim-8683) Uninitialized out port /TB_TOP/U1/fftAfterFir/your_instance_name/U0/<protected>/<protected>/<protected>(23 downto 0) has no driver.
# This port will contribute value (24'hXXXXXX) to the signal network.
# ** Warning: (vsim-8683) Uninitialized out port /TB_TOP/U1/fftAfterFir/your_instance_name/U0/<protected>/<protected>/<protected>(23 downto 0) has no driver.
# This port will contribute value (24'hXXXXXX) to the signal network.
# ** Warning: (vsim-8683) Uninitialized out port /TB_TOP/U1/fftAfterFir/your_instance_name/U0/<protected>/<protected>/<protected>(23 downto 0) has no driver.
# This port will contribute value (24'hXXXXXX) to the signal network.
# ** Warning: (vsim-8683) Uninitialized out port /TB_TOP/U1/fftAfterFir/your_instance_name/U0/<protected>/<protected>/<protected>(23 downto 0) has no driver.
# This port will contribute value (24'hXXXXXX) to the signal network.
# ** Warning: (vsim-8683) Uninitialized out port /TB_TOP/U1/fftAfterFir/your_instance_name/U0/<protected>/<protected>/<protected>(23 downto 0) has no driver.
# This port will contribute value (24'hXXXXXX) to the signal network.
# ** Warning: (vsim-8683) Uninitialized out port /TB_TOP/U1/fftAfterFir/your_instance_name/U0/<protected>/<protected>/<protected>(23 downto 0) has no driver.
# This port will contribute value (24'hXXXXXX) to the signal network.
# ** Warning: (vsim-8683) Uninitialized out port /TB_TOP/U1/fftAfterFir/your_instance_name/U0/<protected>/<protected>/<protected>(4 downto 0) has no driver.
# This port will contribute value (5'hXX) to the signal network.
# ** Warning: (vsim-8683) Uninitialized out port /TB_TOP/U1/fftAfterFir/your_instance_name/U0/<protected>/<protected>/<protected>(4 downto 0) has no driver.
# This port will contribute value (5'hXX) to the signal network.
# ** Warning: (vsim-8683) Uninitialized out port /TB_TOP/U1/fftAfterFir/your_instance_name/U0/<protected>/<protected>/<protected>(4 downto 0) has no driver.
# This port will contribute value (5'hXX) to the signal network.
# ** Warning: (vsim-8683) Uninitialized out port /TB_TOP/U1/fftAfterFir/your_instance_name/U0/<protected>/<protected>/<protected>(4 downto 0) has no driver.
# This port will contribute value (5'hXX) to the signal network.
# ** Warning: (vsim-8683) Uninitialized out port /TB_TOP/U1/fftAfterFir/your_instance_name/U0/<protected>/<protected>/<protected>(4 downto 0) has no driver.
# This port will contribute value (5'hXX) to the signal network.
# ** Warning: (vsim-8683) Uninitialized out port /TB_TOP/U1/fftAfterFir/your_instance_name/U0/<protected>/<protected>/<protected>(4 downto 0) has no driver.
# This port will contribute value (5'hXX) to the signal network.
# ** Warning: (vsim-8683) Uninitialized out port /TB_TOP/U1/fftAfterFir/your_instance_name/U0/<protected>/<protected>/<protected>(4 downto 0) has no driver.
# This port will contribute value (5'hXX) to the signal network.
# ** Warning: (vsim-8683) Uninitialized out port /TB_TOP/U1/fftAfterFir/your_instance_name/U0/<protected>/<protected>/<protected>(4 downto 0) has no driver.
# This port will contribute value (5'hXX) to the signal network.
# ** Warning: (vsim-8683) Uninitialized out port /TB_TOP/U1/fftAfterFir/your_instance_name/U0/<protected>/<protected>/<protected>(4 downto 0) has no driver.
# This port will contribute value (5'hXX) to the signal network.
# ** Warning: (vsim-8683) Uninitialized out port /TB_TOP/U1/fftAfterFir/your_instance_name/U0/<protected>/<protected>/<protected>(4 downto 0) has no driver.
# This port will contribute value (5'hXX) to the signal network.
# ** Warning: (vsim-8683) Uninitialized out port /TB_TOP/U1/fftAfterFir/your_instance_name/U0/<protected>/<protected>/<protected>(4 downto 0) has no driver.
# This port will contribute value (5'hXX) to the signal network.
# ** Warning: (vsim-8683) Uninitialized out port /TB_TOP/U1/fftAfterFir/your_instance_name/U0/<protected>/<protected>/<protected>(4 downto 0) has no driver.
# This port will contribute value (5'hXX) to the signal network.
# ** Warning: (vsim-8683) Uninitialized out port /TB_TOP/U1/fftAfterFir/your_instance_name/U0/<protected>/<protected>/<protected> has no driver.
# This port will contribute value (U) to the signal network.
# ** Warning: (vsim-8683) Uninitialized out port /TB_TOP/U1/fftAfterFir/your_instance_name/U0/<protected>/<protected>/<protected> has no driver.
# This port will contribute value (U) to the signal network.
# ** Warning: (vsim-8683) Uninitialized out port /TB_TOP/U1/fftAfterFir/your_instance_name/U0/<protected>/<protected>/<protected> has no driver.
# This port will contribute value (U) to the signal network.
# ** Warning: (vsim-8683) Uninitialized out port /TB_TOP/U1/fftAfterFir/your_instance_name/U0/<protected>/<protected>/<protected> has no driver.
# This port will contribute value (U) to the signal network.
# ** Warning: (vsim-8683) Uninitialized out port /TB_TOP/U1/fftAfterFir/your_instance_name/U0/<protected>/<protected>/<protected> has no driver.
# This port will contribute value (U) to the signal network.
# ** Warning: (vsim-8683) Uninitialized out port /TB_TOP/U1/fftAfterFir/your_instance_name/U0/<protected>/<protected>/<protected> has no driver.
# This port will contribute value (U) to the signal network.
# ** Warning: (vsim-8683) Uninitialized out port /TB_TOP/U1/fftAfterFir/your_instance_name/U0/<protected>/<protected>/<protected> has no driver.
# This port will contribute value (U) to the signal network.
# ** Warning: (vsim-8683) Uninitialized out port /TB_TOP/U1/fftAfterFir/your_instance_name/U0/<protected>/<protected>/<protected> has no driver.
# This port will contribute value (U) to the signal network.
# ** Warning: (vsim-8683) Uninitialized out port /TB_TOP/U1/fftAfterFir/your_instance_name/U0/<protected>/<protected>/<protected> has no driver.
# This port will contribute value (U) to the signal network.
# ** Warning: (vsim-8683) Uninitialized out port /TB_TOP/U1/fftAfterFir/your_instance_name/U0/<protected>/<protected>/<protected> has no driver.
# This port will contribute value (U) to the signal network.
# ** Warning: (vsim-8683) Uninitialized out port /TB_TOP/U1/fftAfterFir/your_instance_name/U0/<protected>/<protected>/<protected> has no driver.
# This port will contribute value (U) to the signal network.
# ** Warning: (vsim-8683) Uninitialized out port /TB_TOP/U1/fftAfterFir/your_instance_name/U0/<protected>/<protected>/<protected> has no driver.
# This port will contribute value (U) to the signal network.
# ** Warning: (vsim-8683) Uninitialized out port /TB_TOP/U1/fftBeforeFir/your_instance_name/U0/<protected>/<protected>/<protected>(23 downto 0) has no driver.
# This port will contribute value (24'hXXXXXX) to the signal network.
# ** Warning: (vsim-8683) Uninitialized out port /TB_TOP/U1/fftBeforeFir/your_instance_name/U0/<protected>/<protected>/<protected>(23 downto 0) has no driver.
# This port will contribute value (24'hXXXXXX) to the signal network.
# ** Warning: (vsim-8683) Uninitialized out port /TB_TOP/U1/fftBeforeFir/your_instance_name/U0/<protected>/<protected>/<protected>(23 downto 0) has no driver.
# This port will contribute value (24'hXXXXXX) to the signal network.
# ** Warning: (vsim-8683) Uninitialized out port /TB_TOP/U1/fftBeforeFir/your_instance_name/U0/<protected>/<protected>/<protected>(23 downto 0) has no driver.
# This port will contribute value (24'hXXXXXX) to the signal network.
# ** Warning: (vsim-8683) Uninitialized out port /TB_TOP/U1/fftBeforeFir/your_instance_name/U0/<protected>/<protected>/<protected>(23 downto 0) has no driver.
# This port will contribute value (24'hXXXXXX) to the signal network.
# ** Warning: (vsim-8683) Uninitialized out port /TB_TOP/U1/fftBeforeFir/your_instance_name/U0/<protected>/<protected>/<protected>(23 downto 0) has no driver.
# This port will contribute value (24'hXXXXXX) to the signal network.
# ** Warning: (vsim-8683) Uninitialized out port /TB_TOP/U1/fftBeforeFir/your_instance_name/U0/<protected>/<protected>/<protected>(23 downto 0) has no driver.
# This port will contribute value (24'hXXXXXX) to the signal network.
# ** Warning: (vsim-8683) Uninitialized out port /TB_TOP/U1/fftBeforeFir/your_instance_name/U0/<protected>/<protected>/<protected>(23 downto 0) has no driver.
# This port will contribute value (24'hXXXXXX) to the signal network.
# ** Warning: (vsim-8683) Uninitialized out port /TB_TOP/U1/fftBeforeFir/your_instance_name/U0/<protected>/<protected>/<protected>(23 downto 0) has no driver.
# This port will contribute value (24'hXXXXXX) to the signal network.
# ** Warning: (vsim-8683) Uninitialized out port /TB_TOP/U1/fftBeforeFir/your_instance_name/U0/<protected>/<protected>/<protected>(23 downto 0) has no driver.
# This port will contribute value (24'hXXXXXX) to the signal network.
# ** Warning: (vsim-8683) Uninitialized out port /TB_TOP/U1/fftBeforeFir/your_instance_name/U0/<protected>/<protected>/<protected>(23 downto 0) has no driver.
# This port will contribute value (24'hXXXXXX) to the signal network.
# ** Warning: (vsim-8683) Uninitialized out port /TB_TOP/U1/fftBeforeFir/your_instance_name/U0/<protected>/<protected>/<protected>(23 downto 0) has no driver.
# This port will contribute value (24'hXXXXXX) to the signal network.
# ** Warning: (vsim-8683) Uninitialized out port /TB_TOP/U1/fftBeforeFir/your_instance_name/U0/<protected>/<protected>/<protected>(23 downto 0) has no driver.
# This port will contribute value (24'hXXXXXX) to the signal network.
# ** Warning: (vsim-8683) Uninitialized out port /TB_TOP/U1/fftBeforeFir/your_instance_name/U0/<protected>/<protected>/<protected>(23 downto 0) has no driver.
# This port will contribute value (24'hXXXXXX) to the signal network.
# ** Warning: (vsim-8683) Uninitialized out port /TB_TOP/U1/fftBeforeFir/your_instance_name/U0/<protected>/<protected>/<protected>(23 downto 0) has no driver.
# This port will contribute value (24'hXXXXXX) to the signal network.
# ** Warning: (vsim-8683) Uninitialized out port /TB_TOP/U1/fftBeforeFir/your_instance_name/U0/<protected>/<protected>/<protected>(23 downto 0) has no driver.
# This port will contribute value (24'hXXXXXX) to the signal network.
# ** Warning: (vsim-8683) Uninitialized out port /TB_TOP/U1/fftBeforeFir/your_instance_name/U0/<protected>/<protected>/<protected>(23 downto 0) has no driver.
# This port will contribute value (24'hXXXXXX) to the signal network.
# ** Warning: (vsim-8683) Uninitialized out port /TB_TOP/U1/fftBeforeFir/your_instance_name/U0/<protected>/<protected>/<protected>(23 downto 0) has no driver.
# This port will contribute value (24'hXXXXXX) to the signal network.
# ** Warning: (vsim-8683) Uninitialized out port /TB_TOP/U1/fftBeforeFir/your_instance_name/U0/<protected>/<protected>/<protected>(23 downto 0) has no driver.
# This port will contribute value (24'hXXXXXX) to the signal network.
# ** Warning: (vsim-8683) Uninitialized out port /TB_TOP/U1/fftBeforeFir/your_instance_name/U0/<protected>/<protected>/<protected>(23 downto 0) has no driver.
# This port will contribute value (24'hXXXXXX) to the signal network.
# ** Warning: (vsim-8683) Uninitialized out port /TB_TOP/U1/fftBeforeFir/your_instance_name/U0/<protected>/<protected>/<protected>(23 downto 0) has no driver.
# This port will contribute value (24'hXXXXXX) to the signal network.
# ** Warning: (vsim-8683) Uninitialized out port /TB_TOP/U1/fftBeforeFir/your_instance_name/U0/<protected>/<protected>/<protected>(23 downto 0) has no driver.
# This port will contribute value (24'hXXXXXX) to the signal network.
# ** Warning: (vsim-8683) Uninitialized out port /TB_TOP/U1/fftBeforeFir/your_instance_name/U0/<protected>/<protected>/<protected>(23 downto 0) has no driver.
# This port will contribute value (24'hXXXXXX) to the signal network.
# ** Warning: (vsim-8683) Uninitialized out port /TB_TOP/U1/fftBeforeFir/your_instance_name/U0/<protected>/<protected>/<protected>(23 downto 0) has no driver.
# This port will contribute value (24'hXXXXXX) to the signal network.
# ** Warning: (vsim-8683) Uninitialized out port /TB_TOP/U1/fftBeforeFir/your_instance_name/U0/<protected>/<protected>/<protected>(4 downto 0) has no driver.
# This port will contribute value (5'hXX) to the signal network.
# ** Warning: (vsim-8683) Uninitialized out port /TB_TOP/U1/fftBeforeFir/your_instance_name/U0/<protected>/<protected>/<protected>(4 downto 0) has no driver.
# This port will contribute value (5'hXX) to the signal network.
# ** Warning: (vsim-8683) Uninitialized out port /TB_TOP/U1/fftBeforeFir/your_instance_name/U0/<protected>/<protected>/<protected>(4 downto 0) has no driver.
# This port will contribute value (5'hXX) to the signal network.
# ** Warning: (vsim-8683) Uninitialized out port /TB_TOP/U1/fftBeforeFir/your_instance_name/U0/<protected>/<protected>/<protected>(4 downto 0) has no driver.
# This port will contribute value (5'hXX) to the signal network.
# ** Warning: (vsim-8683) Uninitialized out port /TB_TOP/U1/fftBeforeFir/your_instance_name/U0/<protected>/<protected>/<protected>(4 downto 0) has no driver.
# This port will contribute value (5'hXX) to the signal network.
# ** Warning: (vsim-8683) Uninitialized out port /TB_TOP/U1/fftBeforeFir/your_instance_name/U0/<protected>/<protected>/<protected>(4 downto 0) has no driver.
# This port will contribute value (5'hXX) to the signal network.
# ** Warning: (vsim-8683) Uninitialized out port /TB_TOP/U1/fftBeforeFir/your_instance_name/U0/<protected>/<protected>/<protected>(4 downto 0) has no driver.
# This port will contribute value (5'hXX) to the signal network.
# ** Warning: (vsim-8683) Uninitialized out port /TB_TOP/U1/fftBeforeFir/your_instance_name/U0/<protected>/<protected>/<protected>(4 downto 0) has no driver.
# This port will contribute value (5'hXX) to the signal network.
# ** Warning: (vsim-8683) Uninitialized out port /TB_TOP/U1/fftBeforeFir/your_instance_name/U0/<protected>/<protected>/<protected>(4 downto 0) has no driver.
# This port will contribute value (5'hXX) to the signal network.
# ** Warning: (vsim-8683) Uninitialized out port /TB_TOP/U1/fftBeforeFir/your_instance_name/U0/<protected>/<protected>/<protected>(4 downto 0) has no driver.
# This port will contribute value (5'hXX) to the signal network.
# ** Warning: (vsim-8683) Uninitialized out port /TB_TOP/U1/fftBeforeFir/your_instance_name/U0/<protected>/<protected>/<protected>(4 downto 0) has no driver.
# This port will contribute value (5'hXX) to the signal network.
# ** Warning: (vsim-8683) Uninitialized out port /TB_TOP/U1/fftBeforeFir/your_instance_name/U0/<protected>/<protected>/<protected>(4 downto 0) has no driver.
# This port will contribute value (5'hXX) to the signal network.
# ** Warning: (vsim-8683) Uninitialized out port /TB_TOP/U1/fftBeforeFir/your_instance_name/U0/<protected>/<protected>/<protected> has no driver.
# This port will contribute value (U) to the signal network.
# ** Warning: (vsim-8683) Uninitialized out port /TB_TOP/U1/fftBeforeFir/your_instance_name/U0/<protected>/<protected>/<protected> has no driver.
# This port will contribute value (U) to the signal network.
# ** Warning: (vsim-8683) Uninitialized out port /TB_TOP/U1/fftBeforeFir/your_instance_name/U0/<protected>/<protected>/<protected> has no driver.
# This port will contribute value (U) to the signal network.
# ** Warning: (vsim-8683) Uninitialized out port /TB_TOP/U1/fftBeforeFir/your_instance_name/U0/<protected>/<protected>/<protected> has no driver.
# This port will contribute value (U) to the signal network.
# ** Warning: (vsim-8683) Uninitialized out port /TB_TOP/U1/fftBeforeFir/your_instance_name/U0/<protected>/<protected>/<protected> has no driver.
# This port will contribute value (U) to the signal network.
# ** Warning: (vsim-8683) Uninitialized out port /TB_TOP/U1/fftBeforeFir/your_instance_name/U0/<protected>/<protected>/<protected> has no driver.
# This port will contribute value (U) to the signal network.
# ** Warning: (vsim-8683) Uninitialized out port /TB_TOP/U1/fftBeforeFir/your_instance_name/U0/<protected>/<protected>/<protected> has no driver.
# This port will contribute value (U) to the signal network.
# ** Warning: (vsim-8683) Uninitialized out port /TB_TOP/U1/fftBeforeFir/your_instance_name/U0/<protected>/<protected>/<protected> has no driver.
# This port will contribute value (U) to the signal network.
# ** Warning: (vsim-8683) Uninitialized out port /TB_TOP/U1/fftBeforeFir/your_instance_name/U0/<protected>/<protected>/<protected> has no driver.
# This port will contribute value (U) to the signal network.
# ** Warning: (vsim-8683) Uninitialized out port /TB_TOP/U1/fftBeforeFir/your_instance_name/U0/<protected>/<protected>/<protected> has no driver.
# This port will contribute value (U) to the signal network.
# ** Warning: (vsim-8683) Uninitialized out port /TB_TOP/U1/fftBeforeFir/your_instance_name/U0/<protected>/<protected>/<protected> has no driver.
# This port will contribute value (U) to the signal network.
# ** Warning: (vsim-8683) Uninitialized out port /TB_TOP/U1/fftBeforeFir/your_instance_name/U0/<protected>/<protected>/<protected> has no driver.
# This port will contribute value (U) to the signal network.
# 1
# 1
# .main_pane.wave.interior.cs.body.pw.wf
# .main_pane.structure.interior.cs.body.struct
# .main_pane.objects.interior.cs.body.tree
add wave -position insertpoint sim:/TB_TOP/U1/*
run
run
# End time: 14:30:10 on Nov 17,2022, Elapsed time: 0:03:46
# Errors: 0, Warnings: 98
